# JRE version: Java(TM) SE Runtime Environment (8.0_131-b11) (build 1.8.0_131-b11)
# Java VM: Java HotSpot(TM) 64-Bit Server VM (25.131-b11 mixed mode linux-amd64 compressed oops)
Heap:
 PSYoungGen      total 283136K, used 35318K [0x00000000d6d80000, 0x00000000eaa80000, 0x0000000100000000)
  eden space 247808K, 0% used [0x00000000d6d80000,0x00000000d6d80000,0x00000000e5f80000)
  from space 35328K, 99% used [0x00000000e5f80000,0x00000000e81fda98,0x00000000e8200000)
  to   space 29184K, 0% used [0x00000000e8200000,0x00000000e8200000,0x00000000e9e80000)
 ParOldGen       total 84992K, used 52816K [0x0000000084800000, 0x0000000089b00000, 0x00000000d6d80000)
  object space 84992K, 62% used [0x0000000084800000,0x0000000087b94078,0x0000000089b00000)
 Metaspace       used 18284K, capacity 18498K, committed 18816K, reserved 1064960K
  class space    used 2347K, capacity 2407K, committed 2432K, reserved 1048576K
GC Heap History (10 events):
Event: 11.861 GC heap after
Heap after GC invocations=2 (full 0):
 PSYoungGen      total 68608K, used 5093K [0x00000000d6d80000, 0x00000000db580000, 0x0000000100000000)
  eden space 63488K, 0% used [0x00000000d6d80000,0x00000000d6d80000,0x00000000dab80000)
  from space 5120K, 99% used [0x00000000db080000,0x00000000db579560,0x00000000db580000)
  to   space 5120K, 0% used [0x00000000dab80000,0x00000000dab80000,0x00000000db080000)
 ParOldGen       total 84992K, used 4739K [0x0000000084800000, 0x0000000089b00000, 0x00000000d6d80000)
  object space 84992K, 5% used [0x0000000084800000,0x0000000084ca0cf8,0x0000000089b00000)
 Metaspace       used 15114K, capacity 15270K, committed 15744K, reserved 1062912K
  class space    used 1994K, capacity 2067K, committed 2176K, reserved 1048576K
}
Event: 16.362 GC heap before
{Heap before GC invocations=3 (full 0):
 PSYoungGen      total 68608K, used 68581K [0x00000000d6d80000, 0x00000000db580000, 0x0000000100000000)
  eden space 63488K, 100% used [0x00000000d6d80000,0x00000000dab80000,0x00000000dab80000)
  from space 5120K, 99% used [0x00000000db080000,0x00000000db579560,0x00000000db580000)
  to   space 5120K, 0% used [0x00000000dab80000,0x00000000dab80000,0x00000000db080000)
 ParOldGen       total 84992K, used 4739K [0x0000000084800000, 0x0000000089b00000, 0x00000000d6d80000)
  object space 84992K, 5% used [0x0000000084800000,0x0000000084ca0cf8,0x0000000089b00000)
 Metaspace       used 15260K, capacity 15430K, committed 15744K, reserved 1062912K
  class space    used 2016K, capacity 2099K, committed 2176K, reserved 1048576K
Event: 16.580 GC heap after
Heap after GC invocations=3 (full 0):
 PSYoungGen      total 68608K, used 5094K [0x00000000d6d80000, 0x00000000df380000, 0x0000000100000000)
  eden space 63488K, 0% used [0x00000000d6d80000,0x00000000d6d80000,0x00000000dab80000)
  from space 5120K, 99% used [0x00000000dab80000,0x00000000db079bf0,0x00000000db080000)
  to   space 5120K, 0% used [0x00000000dee80000,0x00000000dee80000,0x00000000df380000)
 ParOldGen       total 84992K, used 14517K [0x0000000084800000, 0x0000000089b00000, 0x00000000d6d80000)
  object space 84992K, 17% used [0x0000000084800000,0x000000008562d450,0x0000000089b00000)
 Metaspace       used 15260K, capacity 15430K, committed 15744K, reserved 1062912K
  class space    used 2016K, capacity 2099K, committed 2176K, reserved 1048576K
}
Event: 17.875 GC heap before
{Heap before GC invocations=4 (full 0):
 PSYoungGen      total 68608K, used 68582K [0x00000000d6d80000, 0x00000000df380000, 0x0000000100000000)
  eden space 63488K, 100% used [0x00000000d6d80000,0x00000000dab80000,0x00000000dab80000)
  from space 5120K, 99% used [0x00000000dab80000,0x00000000db079bf0,0x00000000db080000)
  to   space 5120K, 0% used [0x00000000dee80000,0x00000000dee80000,0x00000000df380000)
 ParOldGen       total 84992K, used 14517K [0x0000000084800000, 0x0000000089b00000, 0x00000000d6d80000)
  object space 84992K, 17% used [0x0000000084800000,0x000000008562d450,0x0000000089b00000)
 Metaspace       used 15263K, capacity 15430K, committed 15744K, reserved 1062912K
  class space    used 2016K, capacity 2099K, committed 2176K, reserved 1048576K
Event: 18.043 GC heap after
Heap after GC invocations=4 (full 0):
 PSYoungGen      total 132096K, used 5113K [0x00000000d6d80000, 0x00000000df380000, 0x0000000100000000)
  eden space 126976K, 0% used [0x00000000d6d80000,0x00000000d6d80000,0x00000000de980000)
  from space 5120K, 99% used [0x00000000dee80000,0x00000000df37e5a8,0x00000000df380000)
  to   space 5120K, 0% used [0x00000000de980000,0x00000000de980000,0x00000000dee80000)
 ParOldGen       total 84992K, used 25558K [0x0000000084800000, 0x0000000089b00000, 0x00000000d6d80000)
  object space 84992K, 30% used [0x0000000084800000,0x00000000860f5908,0x0000000089b00000)
 Metaspace       used 15263K, capacity 15430K, committed 15744K, reserved 1062912K
  class space    used 2016K, capacity 2099K, committed 2176K, reserved 1048576K
}
Event: 20.231 GC heap before
{Heap before GC invocations=5 (full 0):
 PSYoungGen      total 132096K, used 132089K [0x00000000d6d80000, 0x00000000df380000, 0x0000000100000000)
  eden space 126976K, 100% used [0x00000000d6d80000,0x00000000de980000,0x00000000de980000)
  from space 5120K, 99% used [0x00000000dee80000,0x00000000df37e5a8,0x00000000df380000)
  to   space 5120K, 0% used [0x00000000de980000,0x00000000de980000,0x00000000dee80000)
 ParOldGen       total 84992K, used 25558K [0x0000000084800000, 0x0000000089b00000, 0x00000000d6d80000)
  object space 84992K, 30% used [0x0000000084800000,0x00000000860f5908,0x0000000089b00000)
 Metaspace       used 15266K, capacity 15430K, committed 15744K, reserved 1062912K
  class space    used 2016K, capacity 2099K, committed 2176K, reserved 1048576K
Event: 20.504 GC heap after
Heap after GC invocations=5 (full 0):
 PSYoungGen      total 132096K, used 5113K [0x00000000d6d80000, 0x00000000e9e80000, 0x0000000100000000)
  eden space 126976K, 0% used [0x00000000d6d80000,0x00000000d6d80000,0x00000000de980000)
  from space 5120K, 99% used [0x00000000de980000,0x00000000dee7e5a8,0x00000000dee80000)
  to   space 29184K, 0% used [0x00000000e8200000,0x00000000e8200000,0x00000000e9e80000)
 ParOldGen       total 84992K, used 47647K [0x0000000084800000, 0x0000000089b00000, 0x00000000d6d80000)
  object space 84992K, 56% used [0x0000000084800000,0x0000000087687e10,0x0000000089b00000)
 Metaspace       used 15266K, capacity 15430K, committed 15744K, reserved 1062912K
  class space    used 2016K, capacity 2099K, committed 2176K, reserved 1048576K
}
Event: 22.548 GC heap before
{Heap before GC invocations=6 (full 0):
 PSYoungGen      total 132096K, used 132089K [0x00000000d6d80000, 0x00000000e9e80000, 0x0000000100000000)
  eden space 126976K, 100% used [0x00000000d6d80000,0x00000000de980000,0x00000000de980000)
  from space 5120K, 99% used [0x00000000de980000,0x00000000dee7e5a8,0x00000000dee80000)
  to   space 29184K, 0% used [0x00000000e8200000,0x00000000e8200000,0x00000000e9e80000)
 ParOldGen       total 84992K, used 47647K [0x0000000084800000, 0x0000000089b00000, 0x00000000d6d80000)
  object space 84992K, 56% used [0x0000000084800000,0x0000000087687e10,0x0000000089b00000)
 Metaspace       used 15266K, capacity 15430K, committed 15744K, reserved 1062912K
  class space    used 2016K, capacity 2099K, committed 2176K, reserved 1048576K
Event: 23.023 GC heap after
Heap after GC invocations=6 (full 0):
 PSYoungGen      total 276992K, used 28991K [0x00000000d6d80000, 0x00000000eaa80000, 0x0000000100000000)
  eden space 247808K, 0% used [0x00000000d6d80000,0x00000000d6d80000,0x00000000e5f80000)
  from space 29184K, 99% used [0x00000000e8200000,0x00000000e9e4fea8,0x00000000e9e80000)
  to   space 35328K, 0% used [0x00000000e5f80000,0x00000000e5f80000,0x00000000e8200000)
 ParOldGen       total 84992K, used 49509K [0x0000000084800000, 0x0000000089b00000, 0x00000000d6d80000)
  object space 84992K, 58% used [0x0000000084800000,0x0000000087859450,0x0000000089b00000)
 Metaspace       used 15266K, capacity 15430K, committed 15744K, reserved 1062912K
  class space    used 2016K, capacity 2099K, committed 2176K, reserved 1048576K
}
Event: 36.835 GC heap before
{Heap before GC invocations=7 (full 0):
 PSYoungGen      total 276992K, used 276799K [0x00000000d6d80000, 0x00000000eaa80000, 0x0000000100000000)
  eden space 247808K, 100% used [0x00000000d6d80000,0x00000000e5f80000,0x00000000e5f80000)
  from space 29184K, 99% used [0x00000000e8200000,0x00000000e9e4fea8,0x00000000e9e80000)
  to   space 35328K, 0% used [0x00000000e5f80000,0x00000000e5f80000,0x00000000e8200000)
 ParOldGen       total 84992K, used 49509K [0x0000000084800000, 0x0000000089b00000, 0x00000000d6d80000)
  object space 84992K, 58% used [0x0000000084800000,0x0000000087859450,0x0000000089b00000)
 Metaspace       used 18284K, capacity 18498K, committed 18816K, reserved 1064960K
  class space    used 2347K, capacity 2407K, committed 2432K, reserved 1048576K

